{"C:\\GitHub\\Site LabProg\\Projeto_LabdeProgramacao\\Back-End\\src\\modules\\auth\\auth.controller.js": {"path":"C:\\GitHub\\Site LabProg\\Projeto_LabdeProgramacao\\Back-End\\src\\modules\\auth\\auth.controller.js","statementMap":{"0":{"start":{"line":16,"column":2},"end":{"line":28,"column":3}},"1":{"start":{"line":18,"column":26},"end":{"line":18,"column":51}},"2":{"start":{"line":19,"column":4},"end":{"line":21,"column":5}},"3":{"start":{"line":20,"column":6},"end":{"line":20,"column":59}},"4":{"start":{"line":23,"column":22},"end":{"line":23,"column":54}},"5":{"start":{"line":24,"column":4},"end":{"line":24,"column":60}},"6":{"start":{"line":26,"column":4},"end":{"line":26,"column":22}},"7":{"start":{"line":27,"column":4},"end":{"line":27,"column":72}},"8":{"start":{"line":33,"column":2},"end":{"line":45,"column":3}},"9":{"start":{"line":35,"column":26},"end":{"line":35,"column":48}},"10":{"start":{"line":36,"column":4},"end":{"line":38,"column":5}},"11":{"start":{"line":37,"column":6},"end":{"line":37,"column":59}},"12":{"start":{"line":40,"column":22},"end":{"line":40,"column":55}},"13":{"start":{"line":41,"column":4},"end":{"line":41,"column":60}},"14":{"start":{"line":43,"column":4},"end":{"line":43,"column":22}},"15":{"start":{"line":44,"column":4},"end":{"line":44,"column":69}},"16":{"start":{"line":50,"column":2},"end":{"line":62,"column":3}},"17":{"start":{"line":52,"column":26},"end":{"line":52,"column":55}},"18":{"start":{"line":53,"column":4},"end":{"line":55,"column":5}},"19":{"start":{"line":54,"column":6},"end":{"line":54,"column":59}},"20":{"start":{"line":57,"column":22},"end":{"line":57,"column":61}},"21":{"start":{"line":58,"column":4},"end":{"line":58,"column":60}},"22":{"start":{"line":60,"column":4},"end":{"line":60,"column":22}},"23":{"start":{"line":61,"column":4},"end":{"line":61,"column":83}},"24":{"start":{"line":67,"column":2},"end":{"line":79,"column":3}},"25":{"start":{"line":69,"column":26},"end":{"line":69,"column":54}},"26":{"start":{"line":70,"column":4},"end":{"line":72,"column":5}},"27":{"start":{"line":71,"column":6},"end":{"line":71,"column":59}},"28":{"start":{"line":74,"column":22},"end":{"line":74,"column":52}},"29":{"start":{"line":75,"column":4},"end":{"line":75,"column":60}},"30":{"start":{"line":77,"column":4},"end":{"line":77,"column":22}},"31":{"start":{"line":78,"column":4},"end":{"line":78,"column":70}}},"fnMap":{"0":{"name":"registroHandler","decl":{"start":{"line":15,"column":22},"end":{"line":15,"column":37}},"loc":{"start":{"line":15,"column":48},"end":{"line":29,"column":1}},"line":15},"1":{"name":"loginHandler","decl":{"start":{"line":32,"column":22},"end":{"line":32,"column":34}},"loc":{"start":{"line":32,"column":45},"end":{"line":46,"column":1}},"line":32},"2":{"name":"esqueciSenhaHandler","decl":{"start":{"line":49,"column":22},"end":{"line":49,"column":41}},"loc":{"start":{"line":49,"column":52},"end":{"line":63,"column":1}},"line":49},"3":{"name":"redefinirSenhaHandler","decl":{"start":{"line":66,"column":22},"end":{"line":66,"column":43}},"loc":{"start":{"line":66,"column":54},"end":{"line":80,"column":1}},"line":66}},"branchMap":{"0":{"loc":{"start":{"line":19,"column":4},"end":{"line":21,"column":5}},"type":"if","locations":[{"start":{"line":19,"column":4},"end":{"line":21,"column":5}},{"start":{},"end":{}}],"line":19},"1":{"loc":{"start":{"line":36,"column":4},"end":{"line":38,"column":5}},"type":"if","locations":[{"start":{"line":36,"column":4},"end":{"line":38,"column":5}},{"start":{},"end":{}}],"line":36},"2":{"loc":{"start":{"line":53,"column":4},"end":{"line":55,"column":5}},"type":"if","locations":[{"start":{"line":53,"column":4},"end":{"line":55,"column":5}},{"start":{},"end":{}}],"line":53},"3":{"loc":{"start":{"line":70,"column":4},"end":{"line":72,"column":5}},"type":"if","locations":[{"start":{"line":70,"column":4},"end":{"line":72,"column":5}},{"start":{},"end":{}}],"line":70}},"s":{"0":0,"1":0,"2":0,"3":0,"4":0,"5":0,"6":0,"7":0,"8":2,"9":2,"10":2,"11":0,"12":2,"13":2,"14":0,"15":0,"16":0,"17":0,"18":0,"19":0,"20":0,"21":0,"22":0,"23":0,"24":0,"25":0,"26":0,"27":0,"28":0,"29":0,"30":0,"31":0},"f":{"0":0,"1":2,"2":0,"3":0},"b":{"0":[0,0],"1":[0,2],"2":[0,0],"3":[0,0]},"_coverageSchema":"1a1c01bbd47fc00a2c39e90264f33305004495a9","hash":"ec77c3bd0bc5a6d20b45269609d7d30375e26dfd"}
,"C:\\GitHub\\Site LabProg\\Projeto_LabdeProgramacao\\Back-End\\src\\modules\\auth\\auth.routes.js": {"path":"C:\\GitHub\\Site LabProg\\Projeto_LabdeProgramacao\\Back-End\\src\\modules\\auth\\auth.routes.js","statementMap":{"0":{"start":{"line":10,"column":19},"end":{"line":10,"column":27}},"1":{"start":{"line":12,"column":0},"end":{"line":12,"column":45}},"2":{"start":{"line":13,"column":0},"end":{"line":13,"column":39}},"3":{"start":{"line":14,"column":0},"end":{"line":14,"column":54}},"4":{"start":{"line":15,"column":0},"end":{"line":15,"column":58}}},"fnMap":{},"branchMap":{},"s":{"0":1,"1":1,"2":1,"3":1,"4":1},"f":{},"b":{},"_coverageSchema":"1a1c01bbd47fc00a2c39e90264f33305004495a9","hash":"a58734b1e4cfbc66dbdaf7f0156dce8f011c9072"}
,"C:\\GitHub\\Site LabProg\\Projeto_LabdeProgramacao\\Back-End\\src\\modules\\auth\\auth.service.js": {"path":"C:\\GitHub\\Site LabProg\\Projeto_LabdeProgramacao\\Back-End\\src\\modules\\auth\\auth.service.js","statementMap":{"0":{"start":{"line":6,"column":2},"end":{"line":6,"column":29}},"1":{"start":{"line":12,"column":27},"end":{"line":12,"column":53}},"2":{"start":{"line":13,"column":27},"end":{"line":13,"column":95}},"3":{"start":{"line":15,"column":2},"end":{"line":17,"column":3}},"4":{"start":{"line":16,"column":4},"end":{"line":16,"column":83}},"5":{"start":{"line":20,"column":20},"end":{"line":20,"column":48}},"6":{"start":{"line":21,"column":24},"end":{"line":35,"column":4}},"7":{"start":{"line":37,"column":2},"end":{"line":46,"column":3}},"8":{"start":{"line":51,"column":27},"end":{"line":51,"column":53}},"9":{"start":{"line":52,"column":18},"end":{"line":52,"column":86}},"10":{"start":{"line":55,"column":2},"end":{"line":57,"column":3}},"11":{"start":{"line":56,"column":4},"end":{"line":56,"column":69}},"12":{"start":{"line":59,"column":23},"end":{"line":59,"column":69}},"13":{"start":{"line":61,"column":2},"end":{"line":63,"column":3}},"14":{"start":{"line":62,"column":4},"end":{"line":62,"column":69}},"15":{"start":{"line":65,"column":16},"end":{"line":68,"column":4}},"16":{"start":{"line":70,"column":2},"end":{"line":85,"column":3}},"17":{"start":{"line":90,"column":27},"end":{"line":90,"column":53}},"18":{"start":{"line":91,"column":18},"end":{"line":91,"column":86}},"19":{"start":{"line":94,"column":2},"end":{"line":96,"column":3}},"20":{"start":{"line":95,"column":4},"end":{"line":95,"column":102}},"21":{"start":{"line":98,"column":2},"end":{"line":103,"column":3}},"22":{"start":{"line":108,"column":27},"end":{"line":108,"column":53}},"23":{"start":{"line":109,"column":18},"end":{"line":109,"column":86}},"24":{"start":{"line":111,"column":2},"end":{"line":113,"column":3}},"25":{"start":{"line":112,"column":4},"end":{"line":112,"column":70}},"26":{"start":{"line":116,"column":20},"end":{"line":116,"column":52}},"27":{"start":{"line":117,"column":2},"end":{"line":120,"column":4}},"28":{"start":{"line":122,"column":2},"end":{"line":122,"column":76}}},"fnMap":{"0":{"name":"obterRoleSeguro","decl":{"start":{"line":5,"column":9},"end":{"line":5,"column":24}},"loc":{"start":{"line":5,"column":31},"end":{"line":7,"column":1}},"line":5},"1":{"name":"registrarUsuario","decl":{"start":{"line":10,"column":22},"end":{"line":10,"column":38}},"loc":{"start":{"line":10,"column":74},"end":{"line":47,"column":1}},"line":10},"2":{"name":"autenticarUsuario","decl":{"start":{"line":50,"column":22},"end":{"line":50,"column":39}},"loc":{"start":{"line":50,"column":58},"end":{"line":86,"column":1}},"line":50},"3":{"name":"iniciarRecuperacaoSenha","decl":{"start":{"line":89,"column":22},"end":{"line":89,"column":45}},"loc":{"start":{"line":89,"column":57},"end":{"line":104,"column":1}},"line":89},"4":{"name":"redefinirSenha","decl":{"start":{"line":107,"column":22},"end":{"line":107,"column":36}},"loc":{"start":{"line":107,"column":59},"end":{"line":123,"column":1}},"line":107}},"branchMap":{"0":{"loc":{"start":{"line":6,"column":9},"end":{"line":6,"column":29}},"type":"binary-expr","locations":[{"start":{"line":6,"column":9},"end":{"line":6,"column":19}},{"start":{"line":6,"column":23},"end":{"line":6,"column":29}}],"line":6},"1":{"loc":{"start":{"line":15,"column":2},"end":{"line":17,"column":3}},"type":"if","locations":[{"start":{"line":15,"column":2},"end":{"line":17,"column":3}},{"start":{},"end":{}}],"line":15},"2":{"loc":{"start":{"line":24,"column":17},"end":{"line":24,"column":42}},"type":"binary-expr","locations":[{"start":{"line":24,"column":17},"end":{"line":24,"column":34}},{"start":{"line":24,"column":38},"end":{"line":24,"column":42}}],"line":24},"3":{"loc":{"start":{"line":55,"column":2},"end":{"line":57,"column":3}},"type":"if","locations":[{"start":{"line":55,"column":2},"end":{"line":57,"column":3}},{"start":{},"end":{}}],"line":55},"4":{"loc":{"start":{"line":55,"column":6},"end":{"line":55,"column":36}},"type":"binary-expr","locations":[{"start":{"line":55,"column":6},"end":{"line":55,"column":14}},{"start":{"line":55,"column":18},"end":{"line":55,"column":36}}],"line":55},"5":{"loc":{"start":{"line":61,"column":2},"end":{"line":63,"column":3}},"type":"if","locations":[{"start":{"line":61,"column":2},"end":{"line":63,"column":3}},{"start":{},"end":{}}],"line":61},"6":{"loc":{"start":{"line":94,"column":2},"end":{"line":96,"column":3}},"type":"if","locations":[{"start":{"line":94,"column":2},"end":{"line":96,"column":3}},{"start":{},"end":{}}],"line":94},"7":{"loc":{"start":{"line":111,"column":2},"end":{"line":113,"column":3}},"type":"if","locations":[{"start":{"line":111,"column":2},"end":{"line":113,"column":3}},{"start":{},"end":{}}],"line":111}},"s":{"0":0,"1":0,"2":0,"3":0,"4":0,"5":0,"6":0,"7":0,"8":0,"9":0,"10":0,"11":0,"12":0,"13":0,"14":0,"15":0,"16":0,"17":0,"18":0,"19":0,"20":0,"21":0,"22":0,"23":0,"24":0,"25":0,"26":0,"27":0,"28":0},"f":{"0":0,"1":0,"2":0,"3":0,"4":0},"b":{"0":[0,0],"1":[0,0],"2":[0,0],"3":[0,0],"4":[0,0],"5":[0,0],"6":[0,0],"7":[0,0]}}
,"C:\\GitHub\\Site LabProg\\Projeto_LabdeProgramacao\\Back-End\\src\\modules\\auth\\auth.validation.js": {"path":"C:\\GitHub\\Site LabProg\\Projeto_LabdeProgramacao\\Back-End\\src\\modules\\auth\\auth.validation.js","statementMap":{"0":{"start":{"line":6,"column":33},"end":{"line":6,"column":40}},"1":{"start":{"line":8,"column":2},"end":{"line":10,"column":3}},"2":{"start":{"line":9,"column":4},"end":{"line":9,"column":50}},"3":{"start":{"line":12,"column":2},"end":{"line":14,"column":3}},"4":{"start":{"line":13,"column":4},"end":{"line":13,"column":37}},"5":{"start":{"line":16,"column":2},"end":{"line":18,"column":3}},"6":{"start":{"line":17,"column":4},"end":{"line":17,"column":56}},"7":{"start":{"line":20,"column":2},"end":{"line":20,"column":13}},"8":{"start":{"line":24,"column":27},"end":{"line":24,"column":34}},"9":{"start":{"line":26,"column":2},"end":{"line":28,"column":3}},"10":{"start":{"line":27,"column":4},"end":{"line":27,"column":44}},"11":{"start":{"line":30,"column":2},"end":{"line":32,"column":3}},"12":{"start":{"line":31,"column":4},"end":{"line":31,"column":37}},"13":{"start":{"line":34,"column":2},"end":{"line":34,"column":13}},"14":{"start":{"line":38,"column":31},"end":{"line":38,"column":38}},"15":{"start":{"line":40,"column":2},"end":{"line":42,"column":3}},"16":{"start":{"line":41,"column":4},"end":{"line":41,"column":49}},"17":{"start":{"line":44,"column":2},"end":{"line":46,"column":3}},"18":{"start":{"line":45,"column":4},"end":{"line":45,"column":37}},"19":{"start":{"line":48,"column":2},"end":{"line":50,"column":3}},"20":{"start":{"line":49,"column":4},"end":{"line":49,"column":61}},"21":{"start":{"line":52,"column":2},"end":{"line":52,"column":13}},"22":{"start":{"line":56,"column":20},"end":{"line":56,"column":27}},"23":{"start":{"line":58,"column":2},"end":{"line":60,"column":3}},"24":{"start":{"line":59,"column":4},"end":{"line":59,"column":33}},"25":{"start":{"line":62,"column":2},"end":{"line":64,"column":3}},"26":{"start":{"line":63,"column":4},"end":{"line":63,"column":37}},"27":{"start":{"line":66,"column":2},"end":{"line":66,"column":13}}},"fnMap":{"0":{"name":"validarRegistro","decl":{"start":{"line":5,"column":16},"end":{"line":5,"column":31}},"loc":{"start":{"line":5,"column":41},"end":{"line":21,"column":1}},"line":5},"1":{"name":"validarLogin","decl":{"start":{"line":23,"column":16},"end":{"line":23,"column":28}},"loc":{"start":{"line":23,"column":38},"end":{"line":35,"column":1}},"line":23},"2":{"name":"validarRedefinicao","decl":{"start":{"line":37,"column":16},"end":{"line":37,"column":34}},"loc":{"start":{"line":37,"column":44},"end":{"line":53,"column":1}},"line":37},"3":{"name":"validarEsqueciSenha","decl":{"start":{"line":55,"column":16},"end":{"line":55,"column":35}},"loc":{"start":{"line":55,"column":45},"end":{"line":67,"column":1}},"line":55}},"branchMap":{"0":{"loc":{"start":{"line":8,"column":2},"end":{"line":10,"column":3}},"type":"if","locations":[{"start":{"line":8,"column":2},"end":{"line":10,"column":3}},{"start":{},"end":{}}],"line":8},"1":{"loc":{"start":{"line":8,"column":6},"end":{"line":8,"column":31}},"type":"binary-expr","locations":[{"start":{"line":8,"column":6},"end":{"line":8,"column":11}},{"start":{"line":8,"column":15},"end":{"line":8,"column":21}},{"start":{"line":8,"column":25},"end":{"line":8,"column":31}}],"line":8},"2":{"loc":{"start":{"line":12,"column":2},"end":{"line":14,"column":3}},"type":"if","locations":[{"start":{"line":12,"column":2},"end":{"line":14,"column":3}},{"start":{},"end":{}}],"line":12},"3":{"loc":{"start":{"line":16,"column":2},"end":{"line":18,"column":3}},"type":"if","locations":[{"start":{"line":16,"column":2},"end":{"line":18,"column":3}},{"start":{},"end":{}}],"line":16},"4":{"loc":{"start":{"line":26,"column":2},"end":{"line":28,"column":3}},"type":"if","locations":[{"start":{"line":26,"column":2},"end":{"line":28,"column":3}},{"start":{},"end":{}}],"line":26},"5":{"loc":{"start":{"line":26,"column":6},"end":{"line":26,"column":22}},"type":"binary-expr","locations":[{"start":{"line":26,"column":6},"end":{"line":26,"column":12}},{"start":{"line":26,"column":16},"end":{"line":26,"column":22}}],"line":26},"6":{"loc":{"start":{"line":30,"column":2},"end":{"line":32,"column":3}},"type":"if","locations":[{"start":{"line":30,"column":2},"end":{"line":32,"column":3}},{"start":{},"end":{}}],"line":30},"7":{"loc":{"start":{"line":40,"column":2},"end":{"line":42,"column":3}},"type":"if","locations":[{"start":{"line":40,"column":2},"end":{"line":42,"column":3}},{"start":{},"end":{}}],"line":40},"8":{"loc":{"start":{"line":40,"column":6},"end":{"line":40,"column":26}},"type":"binary-expr","locations":[{"start":{"line":40,"column":6},"end":{"line":40,"column":12}},{"start":{"line":40,"column":16},"end":{"line":40,"column":26}}],"line":40},"9":{"loc":{"start":{"line":44,"column":2},"end":{"line":46,"column":3}},"type":"if","locations":[{"start":{"line":44,"column":2},"end":{"line":46,"column":3}},{"start":{},"end":{}}],"line":44},"10":{"loc":{"start":{"line":48,"column":2},"end":{"line":50,"column":3}},"type":"if","locations":[{"start":{"line":48,"column":2},"end":{"line":50,"column":3}},{"start":{},"end":{}}],"line":48},"11":{"loc":{"start":{"line":58,"column":2},"end":{"line":60,"column":3}},"type":"if","locations":[{"start":{"line":58,"column":2},"end":{"line":60,"column":3}},{"start":{},"end":{}}],"line":58},"12":{"loc":{"start":{"line":62,"column":2},"end":{"line":64,"column":3}},"type":"if","locations":[{"start":{"line":62,"column":2},"end":{"line":64,"column":3}},{"start":{},"end":{}}],"line":62}},"s":{"0":0,"1":0,"2":0,"3":0,"4":0,"5":0,"6":0,"7":0,"8":2,"9":2,"10":0,"11":2,"12":0,"13":2,"14":0,"15":0,"16":0,"17":0,"18":0,"19":0,"20":0,"21":0,"22":0,"23":0,"24":0,"25":0,"26":0,"27":0},"f":{"0":0,"1":2,"2":0,"3":0},"b":{"0":[0,0],"1":[0,0,0],"2":[0,0],"3":[0,0],"4":[0,2],"5":[2,2],"6":[0,2],"7":[0,0],"8":[0,0],"9":[0,0],"10":[0,0],"11":[0,0],"12":[0,0]},"_coverageSchema":"1a1c01bbd47fc00a2c39e90264f33305004495a9","hash":"69b5216870920fdd663f29e18920cd5fb3122cc2"}
,"C:\\GitHub\\Site LabProg\\Projeto_LabdeProgramacao\\Back-End\\src\\modules\\camisas\\camisas.controller.js": {"path":"C:\\GitHub\\Site LabProg\\Projeto_LabdeProgramacao\\Back-End\\src\\modules\\camisas\\camisas.controller.js","statementMap":{"0":{"start":{"line":5,"column":2},"end":{"line":12,"column":3}},"1":{"start":{"line":17,"column":2},"end":{"line":26,"column":3}},"2":{"start":{"line":18,"column":20},"end":{"line":20,"column":6}},"3":{"start":{"line":22,"column":4},"end":{"line":22,"column":50}},"4":{"start":{"line":24,"column":4},"end":{"line":24,"column":22}},"5":{"start":{"line":25,"column":4},"end":{"line":25,"column":69}},"6":{"start":{"line":31,"column":2},"end":{"line":43,"column":3}},"7":{"start":{"line":32,"column":19},"end":{"line":32,"column":29}},"8":{"start":{"line":33,"column":19},"end":{"line":33,"column":76}},"9":{"start":{"line":35,"column":4},"end":{"line":37,"column":5}},"10":{"start":{"line":36,"column":6},"end":{"line":36,"column":70}},"11":{"start":{"line":39,"column":4},"end":{"line":39,"column":45}},"12":{"start":{"line":41,"column":4},"end":{"line":41,"column":22}},"13":{"start":{"line":42,"column":4},"end":{"line":42,"column":68}},"14":{"start":{"line":48,"column":2},"end":{"line":72,"column":3}},"15":{"start":{"line":49,"column":26},"end":{"line":49,"column":56}},"16":{"start":{"line":50,"column":4},"end":{"line":52,"column":5}},"17":{"start":{"line":51,"column":6},"end":{"line":51,"column":59}},"18":{"start":{"line":54,"column":54},"end":{"line":54,"column":62}},"19":{"start":{"line":55,"column":19},"end":{"line":66,"column":6}},"20":{"start":{"line":68,"column":4},"end":{"line":68,"column":108}},"21":{"start":{"line":70,"column":4},"end":{"line":70,"column":22}},"22":{"start":{"line":71,"column":4},"end":{"line":71,"column":67}},"23":{"start":{"line":77,"column":2},"end":{"line":106,"column":3}},"24":{"start":{"line":78,"column":19},"end":{"line":78,"column":29}},"25":{"start":{"line":79,"column":26},"end":{"line":79,"column":55}},"26":{"start":{"line":80,"column":4},"end":{"line":82,"column":5}},"27":{"start":{"line":81,"column":6},"end":{"line":81,"column":59}},"28":{"start":{"line":84,"column":22},"end":{"line":84,"column":79}},"29":{"start":{"line":85,"column":4},"end":{"line":87,"column":5}},"30":{"start":{"line":86,"column":6},"end":{"line":86,"column":70}},"31":{"start":{"line":89,"column":54},"end":{"line":89,"column":62}},"32":{"start":{"line":90,"column":19},"end":{"line":100,"column":6}},"33":{"start":{"line":102,"column":4},"end":{"line":102,"column":100}},"34":{"start":{"line":104,"column":4},"end":{"line":104,"column":22}},"35":{"start":{"line":105,"column":4},"end":{"line":105,"column":71}},"36":{"start":{"line":111,"column":2},"end":{"line":124,"column":3}},"37":{"start":{"line":112,"column":19},"end":{"line":112,"column":29}},"38":{"start":{"line":114,"column":22},"end":{"line":114,"column":79}},"39":{"start":{"line":115,"column":4},"end":{"line":117,"column":5}},"40":{"start":{"line":116,"column":6},"end":{"line":116,"column":70}},"41":{"start":{"line":119,"column":4},"end":{"line":119,"column":57}},"42":{"start":{"line":120,"column":4},"end":{"line":120,"column":64}},"43":{"start":{"line":122,"column":4},"end":{"line":122,"column":22}},"44":{"start":{"line":123,"column":4},"end":{"line":123,"column":69}},"45":{"start":{"line":129,"column":2},"end":{"line":141,"column":3}},"46":{"start":{"line":130,"column":21},"end":{"line":130,"column":36}},"47":{"start":{"line":132,"column":4},"end":{"line":134,"column":5}},"48":{"start":{"line":133,"column":6},"end":{"line":133,"column":71}},"49":{"start":{"line":136,"column":17},"end":{"line":136,"column":82}},"50":{"start":{"line":136,"column":43},"end":{"line":136,"column":81}},"51":{"start":{"line":137,"column":4},"end":{"line":137,"column":80}},"52":{"start":{"line":139,"column":4},"end":{"line":139,"column":22}},"53":{"start":{"line":140,"column":4},"end":{"line":140,"column":82}}},"fnMap":{"0":{"name":"normalizarCamisa","decl":{"start":{"line":4,"column":9},"end":{"line":4,"column":25}},"loc":{"start":{"line":4,"column":34},"end":{"line":13,"column":1}},"line":4},"1":{"name":"listarCamisasHandler","decl":{"start":{"line":16,"column":22},"end":{"line":16,"column":42}},"loc":{"start":{"line":16,"column":53},"end":{"line":27,"column":1}},"line":16},"2":{"name":"buscarCamisaPorIdHandler","decl":{"start":{"line":30,"column":22},"end":{"line":30,"column":46}},"loc":{"start":{"line":30,"column":57},"end":{"line":44,"column":1}},"line":30},"3":{"name":"criarCamisaHandler","decl":{"start":{"line":47,"column":22},"end":{"line":47,"column":40}},"loc":{"start":{"line":47,"column":51},"end":{"line":73,"column":1}},"line":47},"4":{"name":"atualizarCamisaHandler","decl":{"start":{"line":76,"column":22},"end":{"line":76,"column":44}},"loc":{"start":{"line":76,"column":55},"end":{"line":107,"column":1}},"line":76},"5":{"name":"excluirCamisaHandler","decl":{"start":{"line":110,"column":22},"end":{"line":110,"column":42}},"loc":{"start":{"line":110,"column":53},"end":{"line":125,"column":1}},"line":110},"6":{"name":"uploadImagensCamisaHandler","decl":{"start":{"line":128,"column":22},"end":{"line":128,"column":48}},"loc":{"start":{"line":128,"column":59},"end":{"line":142,"column":1}},"line":128},"7":{"name":"(anonymous_7)","decl":{"start":{"line":136,"column":30},"end":{"line":136,"column":31}},"loc":{"start":{"line":136,"column":43},"end":{"line":136,"column":81}},"line":136}},"branchMap":{"0":{"loc":{"start":{"line":7,"column":10},"end":{"line":7,"column":59}},"type":"binary-expr","locations":[{"start":{"line":7,"column":10},"end":{"line":7,"column":21}},{"start":{"line":7,"column":25},"end":{"line":7,"column":38}},{"start":{"line":7,"column":42},"end":{"line":7,"column":59}}],"line":7},"1":{"loc":{"start":{"line":8,"column":18},"end":{"line":8,"column":35}},"type":"binary-expr","locations":[{"start":{"line":8,"column":18},"end":{"line":8,"column":30}},{"start":{"line":8,"column":34},"end":{"line":8,"column":35}}],"line":8},"2":{"loc":{"start":{"line":9,"column":10},"end":{"line":9,"column":52}},"type":"binary-expr","locations":[{"start":{"line":9,"column":10},"end":{"line":9,"column":21}},{"start":{"line":9,"column":25},"end":{"line":9,"column":38}},{"start":{"line":9,"column":42},"end":{"line":9,"column":52}}],"line":9},"3":{"loc":{"start":{"line":10,"column":15},"end":{"line":10,"column":37}},"type":"binary-expr","locations":[{"start":{"line":10,"column":15},"end":{"line":10,"column":31}},{"start":{"line":10,"column":35},"end":{"line":10,"column":37}}],"line":10},"4":{"loc":{"start":{"line":11,"column":13},"end":{"line":11,"column":64}},"type":"cond-expr","locations":[{"start":{"line":11,"column":45},"end":{"line":11,"column":59}},{"start":{"line":11,"column":62},"end":{"line":11,"column":64}}],"line":11},"5":{"loc":{"start":{"line":35,"column":4},"end":{"line":37,"column":5}},"type":"if","locations":[{"start":{"line":35,"column":4},"end":{"line":37,"column":5}},{"start":{},"end":{}}],"line":35},"6":{"loc":{"start":{"line":50,"column":4},"end":{"line":52,"column":5}},"type":"if","locations":[{"start":{"line":50,"column":4},"end":{"line":52,"column":5}},{"start":{},"end":{}}],"line":50},"7":{"loc":{"start":{"line":60,"column":20},"end":{"line":60,"column":35}},"type":"binary-expr","locations":[{"start":{"line":60,"column":20},"end":{"line":60,"column":29}},{"start":{"line":60,"column":33},"end":{"line":60,"column":35}}],"line":60},"8":{"loc":{"start":{"line":80,"column":4},"end":{"line":82,"column":5}},"type":"if","locations":[{"start":{"line":80,"column":4},"end":{"line":82,"column":5}},{"start":{},"end":{}}],"line":80},"9":{"loc":{"start":{"line":85,"column":4},"end":{"line":87,"column":5}},"type":"if","locations":[{"start":{"line":85,"column":4},"end":{"line":87,"column":5}},{"start":{},"end":{}}],"line":85},"10":{"loc":{"start":{"line":96,"column":20},"end":{"line":96,"column":35}},"type":"binary-expr","locations":[{"start":{"line":96,"column":20},"end":{"line":96,"column":29}},{"start":{"line":96,"column":33},"end":{"line":96,"column":35}}],"line":96},"11":{"loc":{"start":{"line":115,"column":4},"end":{"line":117,"column":5}},"type":"if","locations":[{"start":{"line":115,"column":4},"end":{"line":117,"column":5}},{"start":{},"end":{}}],"line":115},"12":{"loc":{"start":{"line":130,"column":21},"end":{"line":130,"column":36}},"type":"binary-expr","locations":[{"start":{"line":130,"column":21},"end":{"line":130,"column":30}},{"start":{"line":130,"column":34},"end":{"line":130,"column":36}}],"line":130},"13":{"loc":{"start":{"line":132,"column":4},"end":{"line":134,"column":5}},"type":"if","locations":[{"start":{"line":132,"column":4},"end":{"line":134,"column":5}},{"start":{},"end":{}}],"line":132},"14":{"loc":{"start":{"line":132,"column":8},"end":{"line":132,"column":57}},"type":"binary-expr","locations":[{"start":{"line":132,"column":8},"end":{"line":132,"column":32}},{"start":{"line":132,"column":36},"end":{"line":132,"column":57}}],"line":132}},"s":{"0":2,"1":1,"2":1,"3":1,"4":0,"5":0,"6":0,"7":0,"8":0,"9":0,"10":0,"11":0,"12":0,"13":0,"14":2,"15":2,"16":2,"17":1,"18":1,"19":1,"20":1,"21":0,"22":0,"23":0,"24":0,"25":0,"26":0,"27":0,"28":0,"29":0,"30":0,"31":0,"32":0,"33":0,"34":0,"35":0,"36":0,"37":0,"38":0,"39":0,"40":0,"41":0,"42":0,"43":0,"44":0,"45":0,"46":0,"47":0,"48":0,"49":0,"50":0,"51":0,"52":0,"53":0},"f":{"0":2,"1":1,"2":0,"3":2,"4":0,"5":0,"6":0,"7":0},"b":{"0":[2,0,0],"1":[2,0],"2":[2,0,0],"3":[2,0],"4":[2,0],"5":[0,0],"6":[1,1],"7":[1,0],"8":[0,0],"9":[0,0],"10":[0,0],"11":[0,0],"12":[0,0],"13":[0,0],"14":[0,0]},"_coverageSchema":"1a1c01bbd47fc00a2c39e90264f33305004495a9","hash":"0173ef760f6652f1a261fe2d840c7cb1804d5760"}
,"C:\\GitHub\\Site LabProg\\Projeto_LabdeProgramacao\\Back-End\\src\\modules\\camisas\\camisas.routes.js": {"path":"C:\\GitHub\\Site LabProg\\Projeto_LabdeProgramacao\\Back-End\\src\\modules\\camisas\\camisas.routes.js","statementMap":{"0":{"start":{"line":14,"column":22},"end":{"line":14,"column":30}},"1":{"start":{"line":17,"column":0},"end":{"line":17,"column":44}},"2":{"start":{"line":18,"column":0},"end":{"line":18,"column":51}},"3":{"start":{"line":21,"column":0},"end":{"line":21,"column":135}},"4":{"start":{"line":22,"column":0},"end":{"line":22,"column":85}},"5":{"start":{"line":23,"column":0},"end":{"line":23,"column":91}},"6":{"start":{"line":24,"column":0},"end":{"line":24,"column":92}}},"fnMap":{},"branchMap":{},"s":{"0":1,"1":1,"2":1,"3":1,"4":1,"5":1,"6":1},"f":{},"b":{},"_coverageSchema":"1a1c01bbd47fc00a2c39e90264f33305004495a9","hash":"2f93b57638e13134c3c97168f64a7fb5942fe16f"}
,"C:\\GitHub\\Site LabProg\\Projeto_LabdeProgramacao\\Back-End\\src\\modules\\camisas\\camisas.upload.js": {"path":"C:\\GitHub\\Site LabProg\\Projeto_LabdeProgramacao\\Back-End\\src\\modules\\camisas\\camisas.upload.js","statementMap":{"0":{"start":{"line":5,"column":22},"end":{"line":5,"column":68}},"1":{"start":{"line":7,"column":16},"end":{"line":17,"column":2}},"2":{"start":{"line":9,"column":4},"end":{"line":9,"column":52}},"3":{"start":{"line":10,"column":4},"end":{"line":10,"column":27}},"4":{"start":{"line":13,"column":21},"end":{"line":13,"column":72}},"5":{"start":{"line":14,"column":21},"end":{"line":14,"column":107}},"6":{"start":{"line":15,"column":4},"end":{"line":15,"column":62}},"7":{"start":{"line":20,"column":2},"end":{"line":23,"column":3}},"8":{"start":{"line":21,"column":4},"end":{"line":21,"column":18}},"9":{"start":{"line":22,"column":4},"end":{"line":22,"column":10}},"10":{"start":{"line":25,"column":2},"end":{"line":25,"column":60}},"11":{"start":{"line":28,"column":29},"end":{"line":35,"column":2}}},"fnMap":{"0":{"name":"(anonymous_0)","decl":{"start":{"line":8,"column":15},"end":{"line":8,"column":16}},"loc":{"start":{"line":8,"column":36},"end":{"line":11,"column":3}},"line":8},"1":{"name":"(anonymous_1)","decl":{"start":{"line":12,"column":12},"end":{"line":12,"column":13}},"loc":{"start":{"line":12,"column":32},"end":{"line":16,"column":3}},"line":12},"2":{"name":"fileFilter","decl":{"start":{"line":19,"column":9},"end":{"line":19,"column":19}},"loc":{"start":{"line":19,"column":36},"end":{"line":26,"column":1}},"line":19}},"branchMap":{"0":{"loc":{"start":{"line":13,"column":34},"end":{"line":13,"column":57}},"type":"binary-expr","locations":[{"start":{"line":13,"column":34},"end":{"line":13,"column":51}},{"start":{"line":13,"column":55},"end":{"line":13,"column":57}}],"line":13},"1":{"loc":{"start":{"line":14,"column":35},"end":{"line":14,"column":64}},"type":"binary-expr","locations":[{"start":{"line":14,"column":35},"end":{"line":14,"column":52}},{"start":{"line":14,"column":56},"end":{"line":14,"column":64}}],"line":14},"2":{"loc":{"start":{"line":15,"column":41},"end":{"line":15,"column":59}},"type":"binary-expr","locations":[{"start":{"line":15,"column":41},"end":{"line":15,"column":49}},{"start":{"line":15,"column":53},"end":{"line":15,"column":59}}],"line":15},"3":{"loc":{"start":{"line":20,"column":2},"end":{"line":23,"column":3}},"type":"if","locations":[{"start":{"line":20,"column":2},"end":{"line":23,"column":3}},{"start":{},"end":{}}],"line":20}},"s":{"0":1,"1":1,"2":0,"3":0,"4":0,"5":0,"6":0,"7":0,"8":0,"9":0,"10":0,"11":1},"f":{"0":0,"1":0,"2":0},"b":{"0":[0,0],"1":[0,0],"2":[0,0],"3":[0,0]},"_coverageSchema":"1a1c01bbd47fc00a2c39e90264f33305004495a9","hash":"51daedd93a8fb6ad9be494261a2b5ac29be8a790"}
,"C:\\GitHub\\Site LabProg\\Projeto_LabdeProgramacao\\Back-End\\src\\modules\\camisas\\camisas.validation.js": {"path":"C:\\GitHub\\Site LabProg\\Projeto_LabdeProgramacao\\Back-End\\src\\modules\\camisas\\camisas.validation.js","statementMap":{"0":{"start":{"line":4,"column":41},"end":{"line":4,"column":48}},"1":{"start":{"line":6,"column":2},"end":{"line":8,"column":3}},"2":{"start":{"line":7,"column":4},"end":{"line":7,"column":49}},"3":{"start":{"line":10,"column":2},"end":{"line":12,"column":3}},"4":{"start":{"line":11,"column":4},"end":{"line":11,"column":43}},"5":{"start":{"line":14,"column":2},"end":{"line":16,"column":3}},"6":{"start":{"line":15,"column":4},"end":{"line":15,"column":51}},"7":{"start":{"line":18,"column":2},"end":{"line":18,"column":13}},"8":{"start":{"line":22,"column":41},"end":{"line":22,"column":48}},"9":{"start":{"line":24,"column":2},"end":{"line":26,"column":3}},"10":{"start":{"line":25,"column":4},"end":{"line":25,"column":49}},"11":{"start":{"line":28,"column":2},"end":{"line":30,"column":3}},"12":{"start":{"line":29,"column":4},"end":{"line":29,"column":43}},"13":{"start":{"line":32,"column":2},"end":{"line":34,"column":3}},"14":{"start":{"line":33,"column":4},"end":{"line":33,"column":51}},"15":{"start":{"line":36,"column":2},"end":{"line":36,"column":13}}},"fnMap":{"0":{"name":"validarCriacaoCamisa","decl":{"start":{"line":3,"column":16},"end":{"line":3,"column":36}},"loc":{"start":{"line":3,"column":46},"end":{"line":19,"column":1}},"line":3},"1":{"name":"validarEdicaoCamisa","decl":{"start":{"line":21,"column":16},"end":{"line":21,"column":35}},"loc":{"start":{"line":21,"column":45},"end":{"line":37,"column":1}},"line":21}},"branchMap":{"0":{"loc":{"start":{"line":6,"column":2},"end":{"line":8,"column":3}},"type":"if","locations":[{"start":{"line":6,"column":2},"end":{"line":8,"column":3}},{"start":{},"end":{}}],"line":6},"1":{"loc":{"start":{"line":6,"column":6},"end":{"line":6,"column":43}},"type":"binary-expr","locations":[{"start":{"line":6,"column":6},"end":{"line":6,"column":11}},{"start":{"line":6,"column":15},"end":{"line":6,"column":34}},{"start":{"line":6,"column":38},"end":{"line":6,"column":43}}],"line":6},"2":{"loc":{"start":{"line":10,"column":2},"end":{"line":12,"column":3}},"type":"if","locations":[{"start":{"line":10,"column":2},"end":{"line":12,"column":3}},{"start":{},"end":{}}],"line":10},"3":{"loc":{"start":{"line":14,"column":2},"end":{"line":16,"column":3}},"type":"if","locations":[{"start":{"line":14,"column":2},"end":{"line":16,"column":3}},{"start":{},"end":{}}],"line":14},"4":{"loc":{"start":{"line":14,"column":6},"end":{"line":14,"column":53}},"type":"binary-expr","locations":[{"start":{"line":14,"column":6},"end":{"line":14,"column":29}},{"start":{"line":14,"column":33},"end":{"line":14,"column":53}}],"line":14},"5":{"loc":{"start":{"line":24,"column":2},"end":{"line":26,"column":3}},"type":"if","locations":[{"start":{"line":24,"column":2},"end":{"line":26,"column":3}},{"start":{},"end":{}}],"line":24},"6":{"loc":{"start":{"line":24,"column":6},"end":{"line":24,"column":43}},"type":"binary-expr","locations":[{"start":{"line":24,"column":6},"end":{"line":24,"column":11}},{"start":{"line":24,"column":15},"end":{"line":24,"column":34}},{"start":{"line":24,"column":38},"end":{"line":24,"column":43}}],"line":24},"7":{"loc":{"start":{"line":28,"column":2},"end":{"line":30,"column":3}},"type":"if","locations":[{"start":{"line":28,"column":2},"end":{"line":30,"column":3}},{"start":{},"end":{}}],"line":28},"8":{"loc":{"start":{"line":32,"column":2},"end":{"line":34,"column":3}},"type":"if","locations":[{"start":{"line":32,"column":2},"end":{"line":34,"column":3}},{"start":{},"end":{}}],"line":32},"9":{"loc":{"start":{"line":32,"column":6},"end":{"line":32,"column":53}},"type":"binary-expr","locations":[{"start":{"line":32,"column":6},"end":{"line":32,"column":29}},{"start":{"line":32,"column":33},"end":{"line":32,"column":53}}],"line":32}},"s":{"0":2,"1":2,"2":1,"3":1,"4":0,"5":1,"6":0,"7":1,"8":0,"9":0,"10":0,"11":0,"12":0,"13":0,"14":0,"15":0},"f":{"0":2,"1":0},"b":{"0":[1,1],"1":[2,1,1],"2":[0,1],"3":[0,1],"4":[1,1],"5":[0,0],"6":[0,0,0],"7":[0,0],"8":[0,0],"9":[0,0]},"_coverageSchema":"1a1c01bbd47fc00a2c39e90264f33305004495a9","hash":"3de8145d5786b20c59d51e1f700670c2ee6d0150"}
,"C:\\GitHub\\Site LabProg\\Projeto_LabdeProgramacao\\Back-End\\src\\modules\\usuarios\\usuarios.controller.js": {"path":"C:\\GitHub\\Site LabProg\\Projeto_LabdeProgramacao\\Back-End\\src\\modules\\usuarios\\usuarios.controller.js","statementMap":{"0":{"start":{"line":5,"column":2},"end":{"line":21,"column":3}},"1":{"start":{"line":6,"column":18},"end":{"line":15,"column":6}},"2":{"start":{"line":17,"column":4},"end":{"line":17,"column":26}},"3":{"start":{"line":19,"column":4},"end":{"line":19,"column":22}},"4":{"start":{"line":20,"column":4},"end":{"line":20,"column":70}}},"fnMap":{"0":{"name":"listarUsuariosHandler","decl":{"start":{"line":4,"column":22},"end":{"line":4,"column":43}},"loc":{"start":{"line":4,"column":54},"end":{"line":22,"column":1}},"line":4}},"branchMap":{},"s":{"0":0,"1":0,"2":0,"3":0,"4":0},"f":{"0":0},"b":{}}
,"C:\\GitHub\\Site LabProg\\Projeto_LabdeProgramacao\\Back-End\\src\\modules\\usuarios\\usuarios.routes.js": {"path":"C:\\GitHub\\Site LabProg\\Projeto_LabdeProgramacao\\Back-End\\src\\modules\\usuarios\\usuarios.routes.js","statementMap":{"0":{"start":{"line":6,"column":23},"end":{"line":6,"column":31}},"1":{"start":{"line":9,"column":0},"end":{"line":9,"column":63}}},"fnMap":{},"branchMap":{},"s":{"0":0,"1":0},"f":{},"b":{}}
}
